[31mx[39m Build failed in 8.82s
[31merror during build:
[31msrc/features/events/EventDetailPage.tsx (2:9): "API_URL" is not exported by "src/lib/api.ts", imported by "src/features/events/EventDetailPage.tsx".[31m
file: [36mD:/SIMMACI/src/features/events/EventDetailPage.tsx:2:9[31m
[33m
1: import React, { useEffect, useState } from 'react';
2: import { API_URL } from '@/lib/api';
            ^
3: import { useParams, Link } from 'react-router-dom';
4: import { Card, CardContent, CardHeader, CardTitle } from '@/components/ui/card';
[31m
    at getRollupError (file:///D:/SIMMACI/node_modules/rollup/dist/es/shared/parseAst.js:401:41)
    at error (file:///D:/SIMMACI/node_modules/rollup/dist/es/shared/parseAst.js:397:42)
    at Module.error (file:///D:/SIMMACI/node_modules/rollup/dist/es/shared/node-entry.js:17022:16)
    at Module.traceVariable (file:///D:/SIMMACI/node_modules/rollup/dist/es/shared/node-entry.js:17478:29)
    at ModuleScope.findVariable (file:///D:/SIMMACI/node_modules/rollup/dist/es/shared/node-entry.js:15141:39)
    at FunctionScope.findVariable (file:///D:/SIMMACI/node_modules/rollup/dist/es/shared/node-entry.js:5688:38)
    at FunctionBodyScope.findVariable (file:///D:/SIMMACI/node_modules/rollup/dist/es/shared/node-entry.js:5688:38)
    at ReturnValueScope.findVariable (file:///D:/SIMMACI/node_modules/rollup/dist/es/shared/node-entry.js:5688:38)
    at FunctionBodyScope.findVariable (file:///D:/SIMMACI/node_modules/rollup/dist/es/shared/node-entry.js:5688:38)
    at Identifier.bind (file:///D:/SIMMACI/node_modules/rollup/dist/es/shared/node-entry.js:5462:40)[39m
